<?xml version="1.0" encoding="UTF-8"?>
<!-- Generated by org.testng.reporters.JUnitReportReporter -->
<testsuite hostname="NROUT-LP" failures="0" tests="1" name="regression.ScatterPlotAnalysisCard.QIDM_100_ScatterPlotAnalysisUpdatingSeriesColorandStyles" time="339.377" errors="1" timestamp="15 Jan 2025 09:22:15 GMT">
  <testcase classname="regression.ScatterPlotAnalysisCard.QIDM_100_ScatterPlotAnalysisUpdatingSeriesColorandStyles" name="scatterPlotAnalysisUpdatingSeriesColorandStyles" time="339.377">
    <error message="Cannot invoke &quot;org.openqa.selenium.WebElement.click()&quot; because the return value of &quot;regression.ScatterPlotAnalysisCard.QIDM_100_ScatterPlotAnalysisUpdatingSeriesColorandStyles.getWebElementXpath_D(String)&quot; is null" type="java.lang.NullPointerException">
      <![CDATA[java.lang.NullPointerException: Cannot invoke "org.openqa.selenium.WebElement.click()" because the return value of "regression.ScatterPlotAnalysisCard.QIDM_100_ScatterPlotAnalysisUpdatingSeriesColorandStyles.getWebElementXpath_D(String)" is null
	at regression.ScatterPlotAnalysisCard.QIDM_100_ScatterPlotAnalysisUpdatingSeriesColorandStyles.scatterPlotAnalysisUpdatingSeriesColorandStyles(QIDM_100_ScatterPlotAnalysisUpdatingSeriesColorandStyles.java:95)
	at java.base/jdk.internal.reflect.DirectMethodHandleAccessor.invoke(DirectMethodHandleAccessor.java:103)
	at java.base/java.lang.reflect.Method.invoke(Method.java:580)
	at org.testng.internal.MethodInvocationHelper.invokeMethod(MethodInvocationHelper.java:85)
	at org.testng.internal.Invoker.invokeMethod(Invoker.java:639)
	at org.testng.internal.Invoker.invokeTestMethod(Invoker.java:816)
	at org.testng.internal.Invoker.invokeTestMethods(Invoker.java:1124)
	at org.testng.internal.TestMethodWorker.invokeTestMethods(TestMethodWorker.java:125)
	at org.testng.internal.TestMethodWorker.run(TestMethodWorker.java:108)
	at org.testng.TestRunner.privateRun(TestRunner.java:774)
	at org.testng.TestRunner.run(TestRunner.java:624)
	at org.testng.SuiteRunner.runTest(SuiteRunner.java:359)
	at org.testng.SuiteRunner.runSequentially(SuiteRunner.java:354)
	at org.testng.SuiteRunner.privateRun(SuiteRunner.java:312)
	at org.testng.SuiteRunner.run(SuiteRunner.java:261)
	at org.testng.SuiteRunnerWorker.runSuite(SuiteRunnerWorker.java:52)
	at org.testng.SuiteRunnerWorker.run(SuiteRunnerWorker.java:86)
	at org.testng.TestNG.runSuitesSequentially(TestNG.java:1215)
	at org.testng.TestNG.runSuitesLocally(TestNG.java:1140)
	at org.testng.TestNG.run(TestNG.java:1048)
	at org.testng.remote.AbstractRemoteTestNG.run(AbstractRemoteTestNG.java:115)
	at org.testng.remote.RemoteTestNG.initAndRun(RemoteTestNG.java:251)
	at org.testng.remote.RemoteTestNG.main(RemoteTestNG.java:77)
]]>
    </error>
  </testcase> <!-- scatterPlotAnalysisUpdatingSeriesColorandStyles -->
</testsuite> <!-- regression.ScatterPlotAnalysisCard.QIDM_100_ScatterPlotAnalysisUpdatingSeriesColorandStyles -->
