<?xml version="1.0" encoding="UTF-8"?>
<!-- Generated by org.testng.reporters.JUnitReportReporter -->
<testsuite hostname="NROUT-LP" failures="2" tests="2" name="miscellaneous.ScheduleReport.PAM_DailyAllScheduleReport" time="56.592" errors="0" timestamp="8 Jan 2025 12:07:07 GMT">
  <testcase classname="miscellaneous.ScheduleReport.PAM_DailyAllScheduleReport" name="STAGE_IntervalDataReports" time="30.566">
    <failure message="Error in STAGE_IntervalDataReports" type="java.lang.AssertionError">
      <![CDATA[java.lang.AssertionError: Error in STAGE_IntervalDataReports
	at org.testng.Assert.fail(Assert.java:83)
	at miscellaneous.ScheduleReport.PAM_DailyAllScheduleReport.STAGE_IntervalDataReports(PAM_DailyAllScheduleReport.java:29)
	at java.base/jdk.internal.reflect.DirectMethodHandleAccessor.invoke(DirectMethodHandleAccessor.java:103)
	at java.base/java.lang.reflect.Method.invoke(Method.java:580)
	at org.testng.internal.MethodInvocationHelper.invokeMethod(MethodInvocationHelper.java:85)
	at org.testng.internal.Invoker.invokeMethod(Invoker.java:639)
	at org.testng.internal.Invoker.invokeTestMethod(Invoker.java:816)
	at org.testng.internal.Invoker.invokeTestMethods(Invoker.java:1124)
	at org.testng.internal.TestMethodWorker.invokeTestMethods(TestMethodWorker.java:125)
	at org.testng.internal.TestMethodWorker.run(TestMethodWorker.java:108)
	at org.testng.TestRunner.privateRun(TestRunner.java:774)
	at org.testng.TestRunner.run(TestRunner.java:624)
	at org.testng.SuiteRunner.runTest(SuiteRunner.java:359)
	at org.testng.SuiteRunner.runSequentially(SuiteRunner.java:354)
	at org.testng.SuiteRunner.privateRun(SuiteRunner.java:312)
	at org.testng.SuiteRunner.run(SuiteRunner.java:261)
	at org.testng.SuiteRunnerWorker.runSuite(SuiteRunnerWorker.java:52)
	at org.testng.SuiteRunnerWorker.run(SuiteRunnerWorker.java:86)
	at org.testng.TestNG.runSuitesSequentially(TestNG.java:1215)
	at org.testng.TestNG.runSuitesLocally(TestNG.java:1140)
	at org.testng.TestNG.run(TestNG.java:1048)
	at org.testng.remote.AbstractRemoteTestNG.run(AbstractRemoteTestNG.java:115)
	at org.testng.remote.RemoteTestNG.initAndRun(RemoteTestNG.java:251)
	at org.testng.remote.RemoteTestNG.main(RemoteTestNG.java:77)
Caused by: java.lang.NullPointerException: Cannot invoke "org.openqa.selenium.WebElement.click()" because the return value of "miscellaneous.ScheduleReport.STAGE_IntervalDataReports.getWebElementActionXpath_D(String)" is null
	at miscellaneous.ScheduleReport.STAGE_IntervalDataReports.stageIntervalDataDailyReports(STAGE_IntervalDataReports.java:38)
	at miscellaneous.ScheduleReport.PAM_DailyAllScheduleReport.STAGE_IntervalDataReports(PAM_DailyAllScheduleReport.java:25)
	... 22 more
]]>
    </failure>
  </testcase> <!-- STAGE_IntervalDataReports -->
  <testcase classname="miscellaneous.ScheduleReport.PAM_DailyAllScheduleReport" name="PROD_IntervalDataReports" time="26.026">
    <failure message="Error in PROD_IntervalDataReports" type="java.lang.AssertionError">
      <![CDATA[java.lang.AssertionError: Error in PROD_IntervalDataReports
	at org.testng.Assert.fail(Assert.java:83)
	at miscellaneous.ScheduleReport.PAM_DailyAllScheduleReport.PROD_IntervalDataReports(PAM_DailyAllScheduleReport.java:19)
	at java.base/jdk.internal.reflect.DirectMethodHandleAccessor.invoke(DirectMethodHandleAccessor.java:103)
	at java.base/java.lang.reflect.Method.invoke(Method.java:580)
	at org.testng.internal.MethodInvocationHelper.invokeMethod(MethodInvocationHelper.java:85)
	at org.testng.internal.Invoker.invokeMethod(Invoker.java:639)
	at org.testng.internal.Invoker.invokeTestMethod(Invoker.java:816)
	at org.testng.internal.Invoker.invokeTestMethods(Invoker.java:1124)
	at org.testng.internal.TestMethodWorker.invokeTestMethods(TestMethodWorker.java:125)
	at org.testng.internal.TestMethodWorker.run(TestMethodWorker.java:108)
	at org.testng.TestRunner.privateRun(TestRunner.java:774)
	at org.testng.TestRunner.run(TestRunner.java:624)
	at org.testng.SuiteRunner.runTest(SuiteRunner.java:359)
	at org.testng.SuiteRunner.runSequentially(SuiteRunner.java:354)
	at org.testng.SuiteRunner.privateRun(SuiteRunner.java:312)
	at org.testng.SuiteRunner.run(SuiteRunner.java:261)
	at org.testng.SuiteRunnerWorker.runSuite(SuiteRunnerWorker.java:52)
	at org.testng.SuiteRunnerWorker.run(SuiteRunnerWorker.java:86)
	at org.testng.TestNG.runSuitesSequentially(TestNG.java:1215)
	at org.testng.TestNG.runSuitesLocally(TestNG.java:1140)
	at org.testng.TestNG.run(TestNG.java:1048)
	at org.testng.remote.AbstractRemoteTestNG.run(AbstractRemoteTestNG.java:115)
	at org.testng.remote.RemoteTestNG.initAndRun(RemoteTestNG.java:251)
	at org.testng.remote.RemoteTestNG.main(RemoteTestNG.java:77)
Caused by: java.lang.NullPointerException: Cannot invoke "org.openqa.selenium.WebElement.click()" because the return value of "miscellaneous.ScheduleReport.PROD_IntervalDataReports.getWebElementActionXpath_D(String)" is null
	at miscellaneous.ScheduleReport.PROD_IntervalDataReports.prodIntervalDataDailyReports(PROD_IntervalDataReports.java:38)
	at miscellaneous.ScheduleReport.PAM_DailyAllScheduleReport.PROD_IntervalDataReports(PAM_DailyAllScheduleReport.java:15)
	... 22 more
]]>
    </failure>
  </testcase> <!-- PROD_IntervalDataReports -->
</testsuite> <!-- miscellaneous.ScheduleReport.PAM_DailyAllScheduleReport -->
